<?xml version="1.0" encoding="UTF-8"?>
<!-- Generated by org.testng.reporters.JUnitReportReporter -->
<testsuite hostname="Rafias-MacBook-Air.local" failures="0" tests="3" name="tests.searchname" time="8.858" errors="0" timestamp="2022-03-16T04:15:06 BDT" skipped="0">
  <testcase classname="tests.searchname" name="SearchTamim" time="1.706"/>
  <system-out/>
  <testcase classname="tests.searchname" name="searchJenny" time="4.287"/>
  <system-out/>
  <testcase classname="tests.searchname" name="clickonname" time="2.865"/>
  <system-out/>
</testsuite> <!-- tests.searchname -->
